reset
set xrange [2.867244291883395:191.966463553782550]
set yrange [426.061016603166700:615.160235865065800]
set size ratio 1.0
set title "Fläche der Staaten, Iteration: 6127"
unset xtics
unset ytics
$data << EOD
101.278543 510.961080 32.726136 D 0
64.264879 534.678457 11.224972 NL 1
58.824764 514.226337 9.949874 B 2
66.213513 503.453446 3.000000 L 3
43.265264 466.459036 40.398020 F 4
94.704640 467.655500 11.090537 CH 5
121.624594 466.806181 15.874508 A 6
143.936731 488.676216 15.394804 CZ 7
161.323357 531.282371 30.643107 PL 8
96.570078 554.804820 11.357817 DK 9
EOD
plot \
'$data' using 1:2:3:5 with circles lc var notitle, \
'$data' using 1:2:4:5 with labels font "arial,9" tc variable notitle