reset
set xrange [-80.742893014974910:252.116390382796170]
set yrange [382.282994113996300:715.142277511767400]
set size ratio 1.0
set title "Fläche der Staaten, Iteration: 26509"
unset xtics
unset ytics
$data << EOD
105.464383 513.365429 32.726136 D 0
64.662482 529.711520 11.224972 NL 1
63.068763 508.601466 9.949874 B 2
72.452047 499.649705 3.000000 L 3
58.705620 458.465685 40.398020 F 4
110.685164 469.446976 11.090537 CH 5
138.999443 473.121760 15.874508 A 6
145.811587 499.847975 15.394804 CZ 7
167.233126 535.673541 30.643107 PL 8
96.444548 556.517219 11.357817 DK 9
-12.615769 423.665332 38.961519 E 10
-64.129645 402.812781 16.613248 P 11
121.786109 429.536908 30.049958 I 12
150.596130 452.359358 7.745967 SLO 13
166.713267 489.998694 12.124356 SK 14
171.438928 462.882745 16.703293 H 15
164.015197 435.940889 13.076697 HR 16
174.124467 414.233948 12.369317 BIH 17
194.257048 437.378471 16.248077 SRB 18
190.904743 415.863593 6.480741 MNE 19
213.645056 423.089902 8.831761 MK 20
203.706308 410.632919 9.327379 AL 21
209.978427 478.525692 26.153394 RO 22
230.891537 440.743847 18.248288 BG 23
232.216642 402.182743 19.899749 GR 24
EOD
plot \
'$data' using 1:2:3:5 with circles lc var notitle, \
'$data' using 1:2:4:5 with labels font "arial,9" tc variable notitle