reset
set xrange [46.106158633808480:172.044263204150470]
set yrange [464.669301847211500:590.607406417553500]
set size ratio 1.0
set title "Bierkonsum, Iteration: 4853"
unset xtics
unset ytics
$data << EOD
99.857887 517.762176 31.270593 D 0
57.510105 522.983011 11.403947 NL 1
61.808043 502.642951 9.373500 B 2
72.674942 497.748597 3.000000 L 3
72.326158 479.955325 15.286023 F 4
94.682737 479.791822 7.035624 CH 5
111.968036 477.992809 10.310795 A 6
133.260116 488.258008 13.302725 CZ 7
151.575995 516.647638 20.468268 PL 8
96.355381 555.222285 6.363961 DK 9
EOD
plot \
'$data' using 1:2:3:5 with circles lc var notitle, \
'$data' using 1:2:4:5 with labels font "arial,9" tc variable notitle